0 info it worked if it ends with ok
1 verbose cli [ '/usr/local/Cellar/node/5.9.1/bin/node',
1 verbose cli   '/usr/local/bin/npm',
1 verbose cli   'run',
1 verbose cli   'dev' ]
2 info using npm@3.10.5
3 info using node@v5.9.1
4 verbose run-script [ 'predev', 'dev', 'postdev' ]
5 info lifecycle menu_app@1.0.0~predev: menu_app@1.0.0
6 silly lifecycle menu_app@1.0.0~predev: no script for predev, continuing
7 info lifecycle menu_app@1.0.0~dev: menu_app@1.0.0
8 verbose lifecycle menu_app@1.0.0~dev: unsafe-perm in lifecycle true
9 verbose lifecycle menu_app@1.0.0~dev: PATH: /usr/local/lib/node_modules/npm/bin/node-gyp-bin:/Users/hiroaki/Desktop/menu-app/view/node_modules/.bin:/usr/local/Cellar/node/5.9.1/bin:/usr/local/bin:/usr/bin:/bin:/usr/sbin:/sbin
10 verbose lifecycle menu_app@1.0.0~dev: CWD: /Users/hiroaki/Desktop/menu-app/view
11 silly lifecycle menu_app@1.0.0~dev: Args: [ '-c', 'webpack-dev-server --content-base src --inline --hot' ]
12 silly lifecycle menu_app@1.0.0~dev: Returned: code: 1  signal: null
13 info lifecycle menu_app@1.0.0~dev: Failed to exec dev script
14 verbose stack Error: menu_app@1.0.0 dev: `webpack-dev-server --content-base src --inline --hot`
14 verbose stack Exit status 1
14 verbose stack     at EventEmitter.<anonymous> (/usr/local/lib/node_modules/npm/lib/utils/lifecycle.js:242:16)
14 verbose stack     at emitTwo (events.js:100:13)
14 verbose stack     at EventEmitter.emit (events.js:185:7)
14 verbose stack     at ChildProcess.<anonymous> (/usr/local/lib/node_modules/npm/lib/utils/spawn.js:40:14)
14 verbose stack     at emitTwo (events.js:100:13)
14 verbose stack     at ChildProcess.emit (events.js:185:7)
14 verbose stack     at maybeClose (internal/child_process.js:850:16)
14 verbose stack     at Process.ChildProcess._handle.onexit (internal/child_process.js:215:5)
15 verbose pkgid menu_app@1.0.0
16 verbose cwd /Users/hiroaki/Desktop/menu-app/view
17 error Darwin 15.0.0
18 error argv "/usr/local/Cellar/node/5.9.1/bin/node" "/usr/local/bin/npm" "run" "dev"
19 error node v5.9.1
20 error npm  v3.10.5
21 error code ELIFECYCLE
22 error menu_app@1.0.0 dev: `webpack-dev-server --content-base src --inline --hot`
22 error Exit status 1
23 error Failed at the menu_app@1.0.0 dev script 'webpack-dev-server --content-base src --inline --hot'.
23 error Make sure you have the latest version of node.js and npm installed.
23 error If you do, this is most likely a problem with the menu_app package,
23 error not with npm itself.
23 error Tell the author that this fails on your system:
23 error     webpack-dev-server --content-base src --inline --hot
23 error You can get information on how to open an issue for this project with:
23 error     npm bugs menu_app
23 error Or if that isn't available, you can get their info via:
23 error     npm owner ls menu_app
23 error There is likely additional logging output above.
24 verbose exit [ 1, true ]
